  ROUGE.cpp
C:\Users\13744\Desktop\imSheep\我是羊\ROUGE.cpp(18,14): warning C4305: “初始化”: 从“int”到“COLOR16”截断
C:\Users\13744\Desktop\imSheep\我是羊\ROUGE.cpp(18,16): warning C4309: “初始化”: 截断常量值
C:\Users\13744\Desktop\imSheep\我是羊\ROUGE.cpp(283,21): warning C4244: “=”: 从“float”转换到“int”，可能丢失数据
C:\Users\13744\Desktop\imSheep\我是羊\ROUGE.cpp(284,21): warning C4244: “=”: 从“float”转换到“int”，可能丢失数据
C:\Users\13744\Desktop\imSheep\我是羊\ROUGE.cpp(299,23): warning C4244: “+=”: 从“double”转换到“float”，可能丢失数据
C:\Users\13744\Desktop\imSheep\我是羊\ROUGE.cpp(300,21): warning C4244: “=”: 从“float”转换到“int”，可能丢失数据
C:\Users\13744\Desktop\imSheep\我是羊\ROUGE.cpp(301,21): warning C4244: “=”: 从“float”转换到“int”，可能丢失数据
C:\Users\13744\Desktop\imSheep\我是羊\ROUGE.cpp(390,58): warning C4244: “参数”: 从“double”转换到“int”，可能丢失数据
C:\Users\13744\Desktop\imSheep\我是羊\ROUGE.cpp(401,127): warning C4244: “参数”: 从“double”转换到“int”，可能丢失数据
C:\Users\13744\Desktop\imSheep\我是羊\ROUGE.cpp(401,79): warning C4244: “参数”: 从“double”转换到“int”，可能丢失数据
C:\Users\13744\Desktop\imSheep\我是羊\ROUGE.cpp(401,49): warning C4244: “参数”: 从“double”转换到“int”，可能丢失数据
C:\Users\13744\Desktop\imSheep\我是羊\ROUGE.cpp(414,131): warning C4244: “参数”: 从“double”转换到“int”，可能丢失数据
C:\Users\13744\Desktop\imSheep\我是羊\ROUGE.cpp(414,101): warning C4244: “参数”: 从“double”转换到“int”，可能丢失数据
C:\Users\13744\Desktop\imSheep\我是羊\ROUGE.cpp(414,45): warning C4244: “参数”: 从“double”转换到“int”，可能丢失数据
C:\Users\13744\Desktop\imSheep\我是羊\ROUGE.cpp(524,63): warning C4305: “*=”: 从“double”到“float”截断
  inteli.cpp
  正在生成代码
  Compiler switch has changed, fall back to full compilation.
  All 410 functions were compiled because no usable IPDB/IOBJ from previous compilation was found.
  已完成代码的生成
  我是羊.vcxproj -> C:\Users\13744\Desktop\imSheep\x64\Release\imSheep.exe
